<?xml version="1.0" encoding="UTF-8"?>
<testsuite name="kingdom.AnimalControllerTest" tests="5" skipped="0" failures="0" errors="0" timestamp="2021-07-27T08:40:10" hostname="DESKTOP-808THQ7" time="1.851">
  <properties/>
  <testcase name="loadHeaders_addsHeader_ifNotMainPageAddNavigation()" classname="kingdom.AnimalControllerTest" time="1.702"/>
  <testcase name="loadHeaders_addsHeader_ifMainPageNoNavigation()" classname="kingdom.AnimalControllerTest" time="0.02"/>
  <testcase name="loadProfile_displaysAnimalTypeAndCharacteristics()" classname="kingdom.AnimalControllerTest" time="0.083"/>
  <testcase name="loadListOfAnimals_showListOfAllAnimals_asLinks()" classname="kingdom.AnimalControllerTest" time="0.015"/>
  <testcase name="loadMain_displayHeaderAndAnimalList()" classname="kingdom.AnimalControllerTest" time="0.011"/>
  <system-out><![CDATA[]]></system-out>
  <system-err><![CDATA[]]></system-err>
</testsuite>
